[1/37] calib_p01_low_center 2026-06-23-08-26-48.bag
[2/37] calib_p01_low_left 2026-06-23-08-30-20.bag
[3/37] calib_p01_low_left_02 2026-06-23-08-39-46.bag
[4/37] calib_p03_low_right 2026-06-23-08-43-50.bag
[5/37] calib_p04_low_top 2026-06-23-08-49-49.bag
[6/37] calib_p05_low_bottom 2026-06-23-08-51-56.bag
[7/37] calib_p06_low_topleft 2026-06-23-08-54-31.bag
[8/37] calib_p07_low_topright 2026-06-23-08-56-12.bag
[9/37] calib_p08_low_bottomleft 2026-06-23-08-58-21.bag
[10/37] calib_p09_low_bottomright 2026-06-23-08-59-53.bag
[11/37] calib_p10_low_roll_plus 2026-06-23-09-02-50.bag
[12/37] calib_p11_low_roll_minus 2026-06-23-09-04-17.bag
[13/37] calib_p12_low_tilt 2026-06-23-09-06-46.bag
[14/37] calib_p13_mid_center 2026-06-23-09-10-36.bag
[15/37] calib_p14_mid_left 2026-06-23-09-12-23.bag
[16/37] calib_p15_mid_right 2026-06-23-09-14-07.bag
[17/37] calib_p16_mid_top 2026-06-23-09-17-27.bag
[18/37] calib_p17_mid_bottom 2026-06-23-09-19-08.bag
[19/37] calib_p18_mid_topleft 2026-06-23-09-21-49.bag
[20/37] calib_p19_mid_topright 2026-06-23-09-23-06.bag
[21/37] calib_p20_mid_bottomleft 2026-06-23-09-24-53.bag
[22/37] calib_p21_mid_bottomright 2026-06-23-09-27-27.bag
[23/37] calib_p22_mid_roll_plus 2026-06-23-09-49-39.bag
[24/37] calib_p23_mid_roll_minus 2026-06-23-09-51-00.bag
[25/37] calib_p24_mid_tilt 2026-06-23-09-55-04.bag
[26/37] calib_p25_high_center 2026-06-23-10-00-18.bag
[27/37] calib_p26_high_left 2026-06-23-10-02-00.bag
[28/37] calib_p27_high_right 2026-06-23-10-03-25.bag
[29/37] calib_p28_high_top 2026-06-23-10-05-51.bag
[30/37] calib_p29_high_bottom 2026-06-23-10-08-32.bag
[31/37] calib_p30_high_topleft 2026-06-23-10-10-54.bag
[32/37] calib_p31_high_topright 2026-06-23-10-12-24.bag
[33/37] calib_p32_high_bottomleft 2026-06-23-10-14-20.bag
[34/37] calib_p33_high_bottomright 2026-06-23-10-16-16.bag
[35/37] calib_p34_high_roll_plus 2026-06-23-10-18-28.bag
[36/37] calib_p35_high_roll_minus 2026-06-23-10-20-30.bag
[37/37] calib_p36_high_tilt 2026-06-23-10-22-47.bag
{
  "pattern_internal_corners": [
    9,
    6
  ],
  "square_size_m": 0.04,
  "n_bags": 37,
  "checker_counts": {
    "rgb": 27,
    "vis": 2,
    "nir": 1,
    "thermal_c": 0
  },
  "panel_counts": {
    "rgb": 37,
    "vis": 37,
    "nir": 37,
    "thermal_c": 37
  },
  "rotation_warnings": {
    "rgb": [],
    "vis": [],
    "nir": [],
    "thermal_c": []
  }
}
